  SoldierNPC.cpp
  ClientCharacterControlGame.cpp
  ClientGameObjectManagerAddon.cpp
  ClientSpaceShip.cpp
  ClientSpaceShipControls.cpp
  Events.cpp
  GameObjectManagerAddon.cpp
  GlobalRegistry.cpp
  ServerCharacterControlGame.cpp
  ServerGameObjectManagerAddon.cpp
  ClientTank.cpp
  main.cpp
c:\users\aaron\desktop\schoolwork\csci_522\hw5\peworkspace\code\charactercontrol\characters\soldiernpc.cpp(91): warning C4305: 'argument': truncation from 'double' to 'float'
  CharacterControl-win32d3d9.vcxproj -> C:\Users\aaron\Desktop\Schoolwork\CSCI_522\HW5\PEWorkspace\Code\..\build\CharacterControl-win32d3d9.exe
  CharacterControl-win32d3d9.vcxproj -> ..\build\CharacterControl-win32d3d9.pdb (Full PDB)
  ..\External\DownloadedLibraries\glew-1.9.0\bin\glew32.dll
  ..\External\DownloadedLibraries\glew-1.9.0\bin\glew32mx.dll
          2 file(s) copied.
          1 file(s) copied.
          1 file(s) copied.
          1 file(s) copied.
